<?xml version="1.0" encoding="UTF-8"?>
<testng-results skipped="0" failed="0" ignored="0" total="1" passed="1">
  <reporter-output>
  </reporter-output>
  <suite name="Default suite" duration-ms="4149" started-at="2019-09-16T15:57:17Z" finished-at="2019-09-16T15:57:21Z">
    <groups>
    </groups>
    <test name="Default test" duration-ms="4149" started-at="2019-09-16T15:57:17Z" finished-at="2019-09-16T15:57:21Z">
      <class name="auth.AuthDemo">
        <test-method status="PASS" signature="test()[pri:0, instance:auth.AuthDemo@6f7fd0e6]" name="test" duration-ms="4081" started-at="2019-09-16T15:57:17Z" finished-at="2019-09-16T15:57:21Z">
          <reporter-output>
          </reporter-output>
        </test-method> <!-- test -->
      </class> <!-- auth.AuthDemo -->
    </test> <!-- Default test -->
  </suite> <!-- Default suite -->
</testng-results>
