<?xml version="1.0" encoding="UTF-8"?>
<testng-results skipped="0" failed="0" ignored="0" total="1" passed="1">
  <reporter-output>
  </reporter-output>
  <suite name="Default suite" duration-ms="2563" started-at="2019-09-12T16:53:54Z" finished-at="2019-09-12T16:53:57Z">
    <groups>
    </groups>
    <test name="Default test" duration-ms="2563" started-at="2019-09-12T16:53:54Z" finished-at="2019-09-12T16:53:57Z">
      <class name="getData.Preemitive_Authentication">
        <test-method status="PASS" signature="test()[pri:0, instance:getData.Preemitive_Authentication@68c4039c]" name="test" duration-ms="2527" started-at="2019-09-12T16:53:54Z" finished-at="2019-09-12T16:53:57Z">
          <reporter-output>
          </reporter-output>
        </test-method> <!-- test -->
      </class> <!-- getData.Preemitive_Authentication -->
    </test> <!-- Default test -->
  </suite> <!-- Default suite -->
</testng-results>
